# JRE version: OpenJDK Runtime Environment (11.0.8+10) (build 11.0.8+10-b944.6842174)
# Java VM: OpenJDK 64-Bit Server VM (11.0.8+10-b944.6842174, mixed mode, tiered, compressed oops, g1 gc, windows-amd64)
Heap:
 garbage-first heap   total 299008K, used 185116K [0x0000000080000000, 0x0000000100000000)
  region size 1024K, 119 young (121856K), 3 survivors (3072K)
 Metaspace       used 44090K, capacity 45111K, committed 45308K, reserved 1089536K
  class space    used 5507K, capacity 5889K, committed 6016K, reserved 1048576K
GC Heap History (20 events):
Event: 21.520 GC heap before
{Heap before GC invocations=46 (full 0):
 garbage-first heap   total 248832K, used 138240K [0x0000000080000000, 0x0000000100000000)
  region size 1024K, 76 young (77824K), 1 survivors (1024K)
 Metaspace       used 44031K, capacity 45105K, committed 45180K, reserved 1089536K
  class space    used 5505K, capacity 5888K, committed 5888K, reserved 1048576K
}
Event: 21.527 GC heap after
{Heap after GC invocations=47 (full 0):
 garbage-first heap   total 248832K, used 64720K [0x0000000080000000, 0x0000000100000000)
  region size 1024K, 5 young (5120K), 5 survivors (5120K)
 Metaspace       used 44031K, capacity 45105K, committed 45180K, reserved 1089536K
  class space    used 5505K, capacity 5888K, committed 5888K, reserved 1048576K
}
Event: 21.551 GC heap before
{Heap before GC invocations=47 (full 0):
 garbage-first heap   total 248832K, used 70864K [0x0000000080000000, 0x0000000100000000)
  region size 1024K, 12 young (12288K), 5 survivors (5120K)
 Metaspace       used 44031K, capacity 45105K, committed 45180K, reserved 1089536K
  class space    used 5505K, capacity 5888K, committed 5888K, reserved 1048576K
}
Event: 21.558 GC heap after
{Heap after GC invocations=48 (full 0):
 garbage-first heap   total 248832K, used 57533K [0x0000000080000000, 0x0000000100000000)
  region size 1024K, 1 young (1024K), 1 survivors (1024K)
 Metaspace       used 44031K, capacity 45105K, committed 45180K, reserved 1089536K
  class space    used 5505K, capacity 5888K, committed 5888K, reserved 1048576K
}
Event: 21.926 GC heap before
{Heap before GC invocations=48 (full 0):
 garbage-first heap   total 248832K, used 157885K [0x0000000080000000, 0x0000000100000000)
  region size 1024K, 100 young (102400K), 1 survivors (1024K)
 Metaspace       used 44031K, capacity 45105K, committed 45180K, reserved 1089536K
  class space    used 5505K, capacity 5888K, committed 5888K, reserved 1048576K
}
Event: 21.931 GC heap after
{Heap after GC invocations=49 (full 0):
 garbage-first heap   total 248832K, used 61136K [0x0000000080000000, 0x0000000100000000)
  region size 1024K, 5 young (5120K), 5 survivors (5120K)
 Metaspace       used 44031K, capacity 45105K, committed 45180K, reserved 1089536K
  class space    used 5505K, capacity 5888K, committed 5888K, reserved 1048576K
}
Event: 22.743 GC heap before
{Heap before GC invocations=49 (full 0):
 garbage-first heap   total 248832K, used 169680K [0x0000000080000000, 0x0000000100000000)
  region size 1024K, 111 young (113664K), 5 survivors (5120K)
 Metaspace       used 44042K, capacity 45105K, committed 45180K, reserved 1089536K
  class space    used 5505K, capacity 5888K, committed 5888K, reserved 1048576K
}
Event: 22.750 GC heap after
{Heap after GC invocations=50 (full 0):
 garbage-first heap   total 248832K, used 66692K [0x0000000080000000, 0x0000000100000000)
  region size 1024K, 10 young (10240K), 10 survivors (10240K)
 Metaspace       used 44042K, capacity 45105K, committed 45180K, reserved 1089536K
  class space    used 5505K, capacity 5888K, committed 5888K, reserved 1048576K
}
Event: 23.585 GC heap before
{Heap before GC invocations=50 (full 0):
 garbage-first heap   total 248832K, used 178308K [0x0000000080000000, 0x0000000100000000)
  region size 1024K, 119 young (121856K), 10 survivors (10240K)
 Metaspace       used 44043K, capacity 45105K, committed 45180K, reserved 1089536K
  class space    used 5505K, capacity 5888K, committed 5888K, reserved 1048576K
}
Event: 23.599 GC heap after
{Heap after GC invocations=51 (full 0):
 garbage-first heap   total 248832K, used 69334K [0x0000000080000000, 0x0000000100000000)
  region size 1024K, 11 young (11264K), 11 survivors (11264K)
 Metaspace       used 44043K, capacity 45105K, committed 45180K, reserved 1089536K
  class space    used 5505K, capacity 5888K, committed 5888K, reserved 1048576K
}
Event: 24.358 GC heap before
{Heap before GC invocations=51 (full 0):
 garbage-first heap   total 248832K, used 180950K [0x0000000080000000, 0x0000000100000000)
  region size 1024K, 121 young (123904K), 11 survivors (11264K)
 Metaspace       used 44049K, capacity 45105K, committed 45180K, reserved 1089536K
  class space    used 5506K, capacity 5888K, committed 5888K, reserved 1048576K
}
Event: 24.371 GC heap after
{Heap after GC invocations=52 (full 0):
 garbage-first heap   total 248832K, used 70516K [0x0000000080000000, 0x0000000100000000)
  region size 1024K, 11 young (11264K), 11 survivors (11264K)
 Metaspace       used 44049K, capacity 45105K, committed 45180K, reserved 1089536K
  class space    used 5506K, capacity 5888K, committed 5888K, reserved 1048576K
}
Event: 25.172 GC heap before
{Heap before GC invocations=52 (full 0):
 garbage-first heap   total 248832K, used 188276K [0x0000000080000000, 0x0000000100000000)
  region size 1024K, 126 young (129024K), 11 survivors (11264K)
 Metaspace       used 44051K, capacity 45105K, committed 45180K, reserved 1089536K
  class space    used 5506K, capacity 5888K, committed 5888K, reserved 1048576K
}
Event: 25.186 GC heap after
{Heap after GC invocations=53 (full 0):
 garbage-first heap   total 299008K, used 71821K [0x0000000080000000, 0x0000000100000000)
  region size 1024K, 11 young (11264K), 11 survivors (11264K)
 Metaspace       used 44051K, capacity 45105K, committed 45180K, reserved 1089536K
  class space    used 5506K, capacity 5888K, committed 5888K, reserved 1048576K
}
Event: 26.383 GC heap before
{Heap before GC invocations=53 (full 0):
 garbage-first heap   total 299008K, used 232589K [0x0000000080000000, 0x0000000100000000)
  region size 1024K, 168 young (172032K), 11 survivors (11264K)
 Metaspace       used 44051K, capacity 45105K, committed 45180K, reserved 1089536K
  class space    used 5506K, capacity 5888K, committed 5888K, reserved 1048576K
}
Event: 26.397 GC heap after
{Heap after GC invocations=54 (full 0):
 garbage-first heap   total 299008K, used 75918K [0x0000000080000000, 0x0000000100000000)
  region size 1024K, 15 young (15360K), 15 survivors (15360K)
 Metaspace       used 44051K, capacity 45105K, committed 45180K, reserved 1089536K
  class space    used 5506K, capacity 5888K, committed 5888K, reserved 1048576K
}
Event: 27.192 GC heap before
{Heap before GC invocations=54 (full 0):
 garbage-first heap   total 299008K, used 224398K [0x0000000080000000, 0x0000000100000000)
  region size 1024K, 160 young (163840K), 15 survivors (15360K)
 Metaspace       used 44055K, capacity 45105K, committed 45180K, reserved 1089536K
  class space    used 5506K, capacity 5888K, committed 5888K, reserved 1048576K
}
Event: 27.210 GC heap after
{Heap after GC invocations=55 (full 0):
 garbage-first heap   total 299008K, used 77536K [0x0000000080000000, 0x0000000100000000)
  region size 1024K, 14 young (14336K), 14 survivors (14336K)
 Metaspace       used 44055K, capacity 45105K, committed 45180K, reserved 1089536K
  class space    used 5506K, capacity 5888K, committed 5888K, reserved 1048576K
}
Event: 28.213 GC heap before
{Heap before GC invocations=55 (full 0):
 garbage-first heap   total 299008K, used 227040K [0x0000000080000000, 0x0000000100000000)
  region size 1024K, 160 young (163840K), 14 survivors (14336K)
 Metaspace       used 44063K, capacity 45108K, committed 45180K, reserved 1089536K
  class space    used 5506K, capacity 5888K, committed 5888K, reserved 1048576K
}
Event: 28.221 GC heap after
{Heap after GC invocations=56 (full 0):
 garbage-first heap   total 299008K, used 64284K [0x0000000080000000, 0x0000000100000000)
  region size 1024K, 3 young (3072K), 3 survivors (3072K)
 Metaspace       used 44063K, capacity 45108K, committed 45180K, reserved 1089536K
  class space    used 5506K, capacity 5888K, committed 5888K, reserved 1048576K
}

