# JRE version: OpenJDK Runtime Environment (11.0.8+10) (build 11.0.8+10-b944.6842174)
# Java VM: OpenJDK 64-Bit Server VM (11.0.8+10-b944.6842174, mixed mode, tiered, compressed oops, g1 gc, windows-amd64)
Heap:
 garbage-first heap   total 536576K, used 487343K [0x0000000080000000, 0x0000000100000000)
  region size 1024K, 270 young (276480K), 13 survivors (13312K)
 Metaspace       used 132132K, capacity 135593K, committed 135676K, reserved 1167360K
  class space    used 16073K, capacity 17269K, committed 17280K, reserved 1048576K
GC Heap History (20 events):
Event: 151.756 GC heap before
{Heap before GC invocations=96 (full 0):
 garbage-first heap   total 536576K, used 451524K [0x0000000080000000, 0x0000000100000000)
  region size 1024K, 264 young (270336K), 18 survivors (18432K)
 Metaspace       used 130979K, capacity 134501K, committed 134652K, reserved 1167360K
  class space    used 15962K, capacity 17172K, committed 17280K, reserved 1048576K
}
Event: 151.820 GC heap after
{Heap after GC invocations=97 (full 0):
 garbage-first heap   total 536576K, used 200755K [0x0000000080000000, 0x0000000100000000)
  region size 1024K, 9 young (9216K), 9 survivors (9216K)
 Metaspace       used 130979K, capacity 134501K, committed 134652K, reserved 1167360K
  class space    used 15962K, capacity 17172K, committed 17280K, reserved 1048576K
}
Event: 154.095 GC heap before
{Heap before GC invocations=97 (full 0):
 garbage-first heap   total 536576K, used 455731K [0x0000000080000000, 0x0000000100000000)
  region size 1024K, 258 young (264192K), 9 survivors (9216K)
 Metaspace       used 130986K, capacity 134565K, committed 134908K, reserved 1167360K
  class space    used 15963K, capacity 17172K, committed 17280K, reserved 1048576K
}
Event: 154.122 GC heap after
{Heap after GC invocations=98 (full 0):
 garbage-first heap   total 536576K, used 202803K [0x0000000080000000, 0x0000000100000000)
  region size 1024K, 11 young (11264K), 11 survivors (11264K)
 Metaspace       used 130986K, capacity 134565K, committed 134908K, reserved 1167360K
  class space    used 15963K, capacity 17172K, committed 17280K, reserved 1048576K
}
Event: 155.327 GC heap before
{Heap before GC invocations=98 (full 0):
 garbage-first heap   total 536576K, used 459827K [0x0000000080000000, 0x0000000100000000)
  region size 1024K, 262 young (268288K), 11 survivors (11264K)
 Metaspace       used 130989K, capacity 134565K, committed 134908K, reserved 1167360K
  class space    used 15963K, capacity 17172K, committed 17280K, reserved 1048576K
}
Event: 155.355 GC heap after
{Heap after GC invocations=99 (full 0):
 garbage-first heap   total 536576K, used 203827K [0x0000000080000000, 0x0000000100000000)
  region size 1024K, 12 young (12288K), 12 survivors (12288K)
 Metaspace       used 130989K, capacity 134565K, committed 134908K, reserved 1167360K
  class space    used 15963K, capacity 17172K, committed 17280K, reserved 1048576K
}
Event: 156.744 GC heap before
{Heap before GC invocations=99 (full 0):
 garbage-first heap   total 536576K, used 462899K [0x0000000080000000, 0x0000000100000000)
  region size 1024K, 264 young (270336K), 12 survivors (12288K)
 Metaspace       used 130994K, capacity 134565K, committed 134908K, reserved 1167360K
  class space    used 15963K, capacity 17172K, committed 17280K, reserved 1048576K
}
Event: 156.770 GC heap after
{Heap after GC invocations=100 (full 0):
 garbage-first heap   total 536576K, used 203315K [0x0000000080000000, 0x0000000100000000)
  region size 1024K, 12 young (12288K), 12 survivors (12288K)
 Metaspace       used 130994K, capacity 134565K, committed 134908K, reserved 1167360K
  class space    used 15963K, capacity 17172K, committed 17280K, reserved 1048576K
}
Event: 158.321 GC heap before
{Heap before GC invocations=100 (full 0):
 garbage-first heap   total 536576K, used 462387K [0x0000000080000000, 0x0000000100000000)
  region size 1024K, 266 young (272384K), 12 survivors (12288K)
 Metaspace       used 131009K, capacity 134565K, committed 134908K, reserved 1167360K
  class space    used 15963K, capacity 17172K, committed 17280K, reserved 1048576K
}
Event: 158.361 GC heap after
{Heap after GC invocations=101 (full 0):
 garbage-first heap   total 536576K, used 207923K [0x0000000080000000, 0x0000000100000000)
  region size 1024K, 16 young (16384K), 16 survivors (16384K)
 Metaspace       used 131009K, capacity 134565K, committed 134908K, reserved 1167360K
  class space    used 15963K, capacity 17172K, committed 17280K, reserved 1048576K
}
Event: 160.268 GC heap before
{Heap before GC invocations=101 (full 0):
 garbage-first heap   total 536576K, used 472115K [0x0000000080000000, 0x0000000100000000)
  region size 1024K, 267 young (273408K), 16 survivors (16384K)
 Metaspace       used 131085K, capacity 134647K, committed 134908K, reserved 1167360K
  class space    used 15963K, capacity 17172K, committed 17280K, reserved 1048576K
}
Event: 160.290 GC heap after
{Heap after GC invocations=102 (full 0):
 garbage-first heap   total 536576K, used 199731K [0x0000000080000000, 0x0000000100000000)
  region size 1024K, 8 young (8192K), 8 survivors (8192K)
 Metaspace       used 131085K, capacity 134647K, committed 134908K, reserved 1167360K
  class space    used 15963K, capacity 17172K, committed 17280K, reserved 1048576K
}
Event: 161.735 GC heap before
{Heap before GC invocations=102 (full 0):
 garbage-first heap   total 536576K, used 464947K [0x0000000080000000, 0x0000000100000000)
  region size 1024K, 268 young (274432K), 8 survivors (8192K)
 Metaspace       used 131100K, capacity 134648K, committed 134908K, reserved 1167360K
  class space    used 15963K, capacity 17172K, committed 17280K, reserved 1048576K
}
Event: 161.801 GC heap after
{Heap after GC invocations=103 (full 0):
 garbage-first heap   total 536576K, used 209971K [0x0000000080000000, 0x0000000100000000)
  region size 1024K, 18 young (18432K), 18 survivors (18432K)
 Metaspace       used 131100K, capacity 134648K, committed 134908K, reserved 1167360K
  class space    used 15963K, capacity 17172K, committed 17280K, reserved 1048576K
}
Event: 163.293 GC heap before
{Heap before GC invocations=103 (full 0):
 garbage-first heap   total 536576K, used 461875K [0x0000000080000000, 0x0000000100000000)
  region size 1024K, 264 young (270336K), 18 survivors (18432K)
 Metaspace       used 131102K, capacity 134648K, committed 134908K, reserved 1167360K
  class space    used 15963K, capacity 17172K, committed 17280K, reserved 1048576K
}
Event: 163.329 GC heap after
{Heap after GC invocations=104 (full 0):
 garbage-first heap   total 536576K, used 207791K [0x0000000080000000, 0x0000000100000000)
  region size 1024K, 16 young (16384K), 16 survivors (16384K)
 Metaspace       used 131102K, capacity 134648K, committed 134908K, reserved 1167360K
  class space    used 15963K, capacity 17172K, committed 17280K, reserved 1048576K
}
Event: 164.776 GC heap before
{Heap before GC invocations=104 (full 0):
 garbage-first heap   total 536576K, used 463791K [0x0000000080000000, 0x0000000100000000)
  region size 1024K, 266 young (272384K), 16 survivors (16384K)
 Metaspace       used 131105K, capacity 134648K, committed 134908K, reserved 1167360K
  class space    used 15963K, capacity 17172K, committed 17280K, reserved 1048576K
}
Event: 164.804 GC heap after
{Heap after GC invocations=105 (full 0):
 garbage-first heap   total 536576K, used 204719K [0x0000000080000000, 0x0000000100000000)
  region size 1024K, 13 young (13312K), 13 survivors (13312K)
 Metaspace       used 131105K, capacity 134648K, committed 134908K, reserved 1167360K
  class space    used 15963K, capacity 17172K, committed 17280K, reserved 1048576K
}
Event: 166.961 GC heap before
{Heap before GC invocations=105 (full 0):
 garbage-first heap   total 536576K, used 465839K [0x0000000080000000, 0x0000000100000000)
  region size 1024K, 268 young (274432K), 13 survivors (13312K)
 Metaspace       used 131106K, capacity 134648K, committed 134908K, reserved 1167360K
  class space    used 15963K, capacity 17172K, committed 17280K, reserved 1048576K
}
Event: 166.991 GC heap after
{Heap after GC invocations=106 (full 0):
 garbage-first heap   total 536576K, used 204719K [0x0000000080000000, 0x0000000100000000)
  region size 1024K, 13 young (13312K), 13 survivors (13312K)
 Metaspace       used 131106K, capacity 134648K, committed 134908K, reserved 1167360K
  class space    used 15963K, capacity 17172K, committed 17280K, reserved 1048576K
}

