# JRE version: OpenJDK Runtime Environment (11.0.8+10) (build 11.0.8+10-b944.6842174)
# Java VM: OpenJDK 64-Bit Server VM (11.0.8+10-b944.6842174, mixed mode, tiered, compressed oops, g1 gc, windows-amd64)
Heap:
 garbage-first heap   total 324608K, used 264855K [0x0000000080000000, 0x0000000100000000)
  region size 1024K, 141 young (144384K), 1 survivors (1024K)
 Metaspace       used 61842K, capacity 63346K, committed 63488K, reserved 1105920K
  class space    used 7431K, capacity 7922K, committed 7936K, reserved 1048576K
GC Heap History (20 events):
Event: 272.741 GC heap before
{Heap before GC invocations=73 (full 0):
 garbage-first heap   total 270336K, used 222545K [0x0000000080000000, 0x0000000100000000)
  region size 1024K, 104 young (106496K), 11 survivors (11264K)
 Metaspace       used 61763K, capacity 63339K, committed 63488K, reserved 1105920K
  class space    used 7427K, capacity 7922K, committed 7936K, reserved 1048576K
}
Event: 272.748 GC heap after
{Heap after GC invocations=74 (full 0):
 garbage-first heap   total 270336K, used 126898K [0x0000000080000000, 0x0000000100000000)
  region size 1024K, 9 young (9216K), 9 survivors (9216K)
 Metaspace       used 61763K, capacity 63339K, committed 63488K, reserved 1105920K
  class space    used 7427K, capacity 7922K, committed 7936K, reserved 1048576K
}
Event: 273.088 GC heap before
{Heap before GC invocations=74 (full 0):
 garbage-first heap   total 270336K, used 222130K [0x0000000080000000, 0x0000000100000000)
  region size 1024K, 102 young (104448K), 9 survivors (9216K)
 Metaspace       used 61763K, capacity 63339K, committed 63488K, reserved 1105920K
  class space    used 7427K, capacity 7922K, committed 7936K, reserved 1048576K
}
Event: 273.096 GC heap after
{Heap after GC invocations=75 (full 0):
 garbage-first heap   total 270336K, used 126777K [0x0000000080000000, 0x0000000100000000)
  region size 1024K, 8 young (8192K), 8 survivors (8192K)
 Metaspace       used 61763K, capacity 63339K, committed 63488K, reserved 1105920K
  class space    used 7427K, capacity 7922K, committed 7936K, reserved 1048576K
}
Event: 273.445 GC heap before
{Heap before GC invocations=75 (full 0):
 garbage-first heap   total 270336K, used 223033K [0x0000000080000000, 0x0000000100000000)
  region size 1024K, 102 young (104448K), 8 survivors (8192K)
 Metaspace       used 61763K, capacity 63339K, committed 63488K, reserved 1105920K
  class space    used 7427K, capacity 7922K, committed 7936K, reserved 1048576K
}
Event: 273.451 GC heap after
{Heap after GC invocations=76 (full 0):
 garbage-first heap   total 270336K, used 127049K [0x0000000080000000, 0x0000000100000000)
  region size 1024K, 8 young (8192K), 8 survivors (8192K)
 Metaspace       used 61763K, capacity 63339K, committed 63488K, reserved 1105920K
  class space    used 7427K, capacity 7922K, committed 7936K, reserved 1048576K
}
Event: 273.797 GC heap before
{Heap before GC invocations=76 (full 0):
 garbage-first heap   total 270336K, used 223305K [0x0000000080000000, 0x0000000100000000)
  region size 1024K, 102 young (104448K), 8 survivors (8192K)
 Metaspace       used 61763K, capacity 63339K, committed 63488K, reserved 1105920K
  class space    used 7427K, capacity 7922K, committed 7936K, reserved 1048576K
}
Event: 273.807 GC heap after
{Heap after GC invocations=77 (full 0):
 garbage-first heap   total 324608K, used 128308K [0x0000000080000000, 0x0000000100000000)
  region size 1024K, 9 young (9216K), 9 survivors (9216K)
 Metaspace       used 61763K, capacity 63339K, committed 63488K, reserved 1105920K
  class space    used 7427K, capacity 7922K, committed 7936K, reserved 1048576K
}
Event: 274.523 GC heap before
{Heap before GC invocations=77 (full 0):
 garbage-first heap   total 324608K, used 270644K [0x0000000080000000, 0x0000000100000000)
  region size 1024K, 148 young (151552K), 9 survivors (9216K)
 Metaspace       used 61763K, capacity 63339K, committed 63488K, reserved 1105920K
  class space    used 7427K, capacity 7922K, committed 7936K, reserved 1048576K
}
Event: 274.532 GC heap after
{Heap after GC invocations=78 (full 0):
 garbage-first heap   total 324608K, used 132804K [0x0000000080000000, 0x0000000100000000)
  region size 1024K, 13 young (13312K), 13 survivors (13312K)
 Metaspace       used 61763K, capacity 63339K, committed 63488K, reserved 1105920K
  class space    used 7427K, capacity 7922K, committed 7936K, reserved 1048576K
}
Event: 275.028 GC heap before
{Heap before GC invocations=78 (full 0):
 garbage-first heap   total 324608K, used 267972K [0x0000000080000000, 0x0000000100000000)
  region size 1024K, 145 young (148480K), 13 survivors (13312K)
 Metaspace       used 61763K, capacity 63339K, committed 63488K, reserved 1105920K
  class space    used 7427K, capacity 7922K, committed 7936K, reserved 1048576K
}
Event: 275.037 GC heap after
{Heap after GC invocations=79 (full 0):
 garbage-first heap   total 324608K, used 133892K [0x0000000080000000, 0x0000000100000000)
  region size 1024K, 13 young (13312K), 13 survivors (13312K)
 Metaspace       used 61763K, capacity 63339K, committed 63488K, reserved 1105920K
  class space    used 7427K, capacity 7922K, committed 7936K, reserved 1048576K
}
Event: 278.687 GC heap before
{Heap before GC invocations=79 (full 0):
 garbage-first heap   total 324608K, used 264964K [0x0000000080000000, 0x0000000100000000)
  region size 1024K, 142 young (145408K), 13 survivors (13312K)
 Metaspace       used 61779K, capacity 63344K, committed 63488K, reserved 1105920K
  class space    used 7427K, capacity 7922K, committed 7936K, reserved 1048576K
}
Event: 278.695 GC heap after
{Heap after GC invocations=80 (full 0):
 garbage-first heap   total 324608K, used 127702K [0x0000000080000000, 0x0000000100000000)
  region size 1024K, 9 young (9216K), 9 survivors (9216K)
 Metaspace       used 61779K, capacity 63344K, committed 63488K, reserved 1105920K
  class space    used 7427K, capacity 7922K, committed 7936K, reserved 1048576K
}
Event: 279.507 GC heap before
{Heap before GC invocations=80 (full 0):
 garbage-first heap   total 324608K, used 263894K [0x0000000080000000, 0x0000000100000000)
  region size 1024K, 142 young (145408K), 9 survivors (9216K)
 Metaspace       used 61783K, capacity 63344K, committed 63488K, reserved 1105920K
  class space    used 7427K, capacity 7922K, committed 7936K, reserved 1048576K
}
Event: 279.513 GC heap after
{Heap after GC invocations=81 (full 0):
 garbage-first heap   total 324608K, used 127552K [0x0000000080000000, 0x0000000100000000)
  region size 1024K, 9 young (9216K), 9 survivors (9216K)
 Metaspace       used 61783K, capacity 63344K, committed 63488K, reserved 1105920K
  class space    used 7427K, capacity 7922K, committed 7936K, reserved 1048576K
}
Event: 280.438 GC heap before
{Heap before GC invocations=81 (full 0):
 garbage-first heap   total 324608K, used 265792K [0x0000000080000000, 0x0000000100000000)
  region size 1024K, 143 young (146432K), 9 survivors (9216K)
 Metaspace       used 61825K, capacity 63344K, committed 63488K, reserved 1105920K
  class space    used 7430K, capacity 7922K, committed 7936K, reserved 1048576K
}
Event: 280.442 GC heap after
{Heap after GC invocations=82 (full 0):
 garbage-first heap   total 324608K, used 122992K [0x0000000080000000, 0x0000000100000000)
  region size 1024K, 5 young (5120K), 5 survivors (5120K)
 Metaspace       used 61825K, capacity 63344K, committed 63488K, reserved 1105920K
  class space    used 7430K, capacity 7922K, committed 7936K, reserved 1048576K
}
Event: 281.163 GC heap before
{Heap before GC invocations=82 (full 0):
 garbage-first heap   total 324608K, used 267376K [0x0000000080000000, 0x0000000100000000)
  region size 1024K, 146 young (149504K), 5 survivors (5120K)
 Metaspace       used 61835K, capacity 63346K, committed 63488K, reserved 1105920K
  class space    used 7430K, capacity 7922K, committed 7936K, reserved 1048576K
}
Event: 281.166 GC heap after
{Heap after GC invocations=83 (full 0):
 garbage-first heap   total 324608K, used 119447K [0x0000000080000000, 0x0000000100000000)
  region size 1024K, 1 young (1024K), 1 survivors (1024K)
 Metaspace       used 61835K, capacity 63346K, committed 63488K, reserved 1105920K
  class space    used 7430K, capacity 7922K, committed 7936K, reserved 1048576K
}

