# JRE version: OpenJDK Runtime Environment (11.0.8+10) (build 11.0.8+10-b944.6842174)
# Java VM: OpenJDK 64-Bit Server VM (11.0.8+10-b944.6842174, mixed mode, tiered, compressed oops, g1 gc, windows-amd64)
Heap:
 garbage-first heap   total 376832K, used 247954K [0x0000000080000000, 0x0000000100000000)
  region size 1024K, 118 young (120832K), 2 survivors (2048K)
 Metaspace       used 133930K, capacity 137970K, committed 138784K, reserved 1171456K
  class space    used 16141K, capacity 17425K, committed 17792K, reserved 1048576K
GC Heap History (20 events):
Event: 4153.552 GC heap before
{Heap before GC invocations=53 (full 0):
 garbage-first heap   total 376832K, used 303152K [0x0000000080000000, 0x0000000100000000)
  region size 1024K, 183 young (187392K), 14 survivors (14336K)
 Metaspace       used 126302K, capacity 130029K, committed 130304K, reserved 1163264K
  class space    used 15384K, capacity 16592K, committed 16640K, reserved 1048576K
}
Event: 4153.685 GC heap after
{Heap after GC invocations=54 (full 0):
 garbage-first heap   total 376832K, used 136946K [0x0000000080000000, 0x0000000100000000)
  region size 1024K, 10 young (10240K), 10 survivors (10240K)
 Metaspace       used 126302K, capacity 130029K, committed 130304K, reserved 1163264K
  class space    used 15384K, capacity 16592K, committed 16640K, reserved 1048576K
}
Event: 4544.185 GC heap before
{Heap before GC invocations=54 (full 0):
 garbage-first heap   total 376832K, used 307954K [0x0000000080000000, 0x0000000100000000)
  region size 1024K, 178 young (182272K), 10 survivors (10240K)
 Metaspace       used 127108K, capacity 130843K, committed 131200K, reserved 1163264K
  class space    used 15457K, capacity 16661K, committed 16768K, reserved 1048576K
}
Event: 4544.213 GC heap after
{Heap after GC invocations=55 (full 0):
 garbage-first heap   total 376832K, used 135897K [0x0000000080000000, 0x0000000100000000)
  region size 1024K, 9 young (9216K), 9 survivors (9216K)
 Metaspace       used 127108K, capacity 130843K, committed 131200K, reserved 1163264K
  class space    used 15457K, capacity 16661K, committed 16768K, reserved 1048576K
}
Event: 4728.707 GC heap before
{Heap before GC invocations=55 (full 0):
 garbage-first heap   total 376832K, used 309977K [0x0000000080000000, 0x0000000100000000)
  region size 1024K, 180 young (184320K), 9 survivors (9216K)
 Metaspace       used 129759K, capacity 133923K, committed 134144K, reserved 1167360K
  class space    used 15777K, capacity 17063K, committed 17152K, reserved 1048576K
}
Event: 4728.741 GC heap after
{Heap after GC invocations=56 (full 0):
 garbage-first heap   total 376832K, used 140979K [0x0000000080000000, 0x0000000100000000)
  region size 1024K, 14 young (14336K), 14 survivors (14336K)
 Metaspace       used 129759K, capacity 133923K, committed 134144K, reserved 1167360K
  class space    used 15777K, capacity 17063K, committed 17152K, reserved 1048576K
}
Event: 5165.667 GC heap before
{Heap before GC invocations=56 (full 0):
 garbage-first heap   total 376832K, used 309939K [0x0000000080000000, 0x0000000100000000)
  region size 1024K, 180 young (184320K), 14 survivors (14336K)
 Metaspace       used 130357K, capacity 134679K, committed 134912K, reserved 1167360K
  class space    used 15820K, capacity 17128K, committed 17152K, reserved 1048576K
}
Event: 5165.719 GC heap after
{Heap after GC invocations=57 (full 0):
 garbage-first heap   total 376832K, used 145456K [0x0000000080000000, 0x0000000100000000)
  region size 1024K, 16 young (16384K), 16 survivors (16384K)
 Metaspace       used 130357K, capacity 134679K, committed 134912K, reserved 1167360K
  class space    used 15820K, capacity 17128K, committed 17152K, reserved 1048576K
}
Event: 5390.495 GC heap before
{Heap before GC invocations=57 (full 0):
 garbage-first heap   total 376832K, used 233520K [0x0000000080000000, 0x0000000100000000)
  region size 1024K, 104 young (106496K), 16 survivors (16384K)
 Metaspace       used 131230K, capacity 135831K, committed 135936K, reserved 1167360K
  class space    used 15933K, capacity 17331K, committed 17408K, reserved 1048576K
}
Event: 5390.580 GC heap after
{Heap after GC invocations=58 (full 0):
 garbage-first heap   total 376832K, used 143840K [0x0000000080000000, 0x0000000100000000)
  region size 1024K, 7 young (7168K), 7 survivors (7168K)
 Metaspace       used 131230K, capacity 135831K, committed 135936K, reserved 1167360K
  class space    used 15933K, capacity 17331K, committed 17408K, reserved 1048576K
}
Event: 5394.723 GC heap before
{Heap before GC invocations=59 (full 0):
 garbage-first heap   total 376832K, used 299488K [0x0000000080000000, 0x0000000100000000)
  region size 1024K, 160 young (163840K), 7 survivors (7168K)
 Metaspace       used 133314K, capacity 137283K, committed 138400K, reserved 1169408K
  class space    used 16096K, capacity 17330K, committed 17664K, reserved 1048576K
}
Event: 5394.759 GC heap after
{Heap after GC invocations=60 (full 0):
 garbage-first heap   total 376832K, used 154592K [0x0000000080000000, 0x0000000100000000)
  region size 1024K, 17 young (17408K), 17 survivors (17408K)
 Metaspace       used 133314K, capacity 137283K, committed 138400K, reserved 1169408K
  class space    used 16096K, capacity 17330K, committed 17664K, reserved 1048576K
}
Event: 5394.765 GC heap before
{Heap before GC invocations=60 (full 0):
 garbage-first heap   total 376832K, used 154592K [0x0000000080000000, 0x0000000100000000)
  region size 1024K, 18 young (18432K), 17 survivors (17408K)
 Metaspace       used 133316K, capacity 137283K, committed 138400K, reserved 1169408K
  class space    used 16096K, capacity 17330K, committed 17664K, reserved 1048576K
}
Event: 5394.864 GC heap after
{Heap after GC invocations=61 (full 0):
 garbage-first heap   total 376832K, used 130197K [0x0000000080000000, 0x0000000100000000)
  region size 1024K, 1 young (1024K), 1 survivors (1024K)
 Metaspace       used 133316K, capacity 137283K, committed 138400K, reserved 1169408K
  class space    used 16096K, capacity 17330K, committed 17664K, reserved 1048576K
}
Event: 5412.973 GC heap before
{Heap before GC invocations=61 (full 0):
 garbage-first heap   total 376832K, used 296085K [0x0000000080000000, 0x0000000100000000)
  region size 1024K, 164 young (167936K), 1 survivors (1024K)
 Metaspace       used 133673K, capacity 137761K, committed 138784K, reserved 1171456K
  class space    used 16121K, capacity 17431K, committed 17792K, reserved 1048576K
}
Event: 5413.042 GC heap after
{Heap after GC invocations=62 (full 0):
 garbage-first heap   total 376832K, used 135873K [0x0000000080000000, 0x0000000100000000)
  region size 1024K, 9 young (9216K), 9 survivors (9216K)
 Metaspace       used 133673K, capacity 137761K, committed 138784K, reserved 1171456K
  class space    used 16121K, capacity 17431K, committed 17792K, reserved 1048576K
}
Event: 5425.139 GC heap before
{Heap before GC invocations=63 (full 0):
 garbage-first heap   total 376832K, used 301761K [0x0000000080000000, 0x0000000100000000)
  region size 1024K, 170 young (174080K), 9 survivors (9216K)
 Metaspace       used 133930K, capacity 137970K, committed 138784K, reserved 1171456K
  class space    used 16141K, capacity 17425K, committed 17792K, reserved 1048576K
}
Event: 5425.163 GC heap after
{Heap after GC invocations=64 (full 0):
 garbage-first heap   total 376832K, used 136695K [0x0000000080000000, 0x0000000100000000)
  region size 1024K, 10 young (10240K), 10 survivors (10240K)
 Metaspace       used 133930K, capacity 137970K, committed 138784K, reserved 1171456K
  class space    used 16141K, capacity 17425K, committed 17792K, reserved 1048576K
}
Event: 5425.206 GC heap before
{Heap before GC invocations=64 (full 0):
 garbage-first heap   total 376832K, used 143863K [0x0000000080000000, 0x0000000100000000)
  region size 1024K, 18 young (18432K), 10 survivors (10240K)
 Metaspace       used 133930K, capacity 137970K, committed 138784K, reserved 1171456K
  class space    used 16141K, capacity 17425K, committed 17792K, reserved 1048576K
}
Event: 5425.289 GC heap after
{Heap after GC invocations=65 (full 0):
 garbage-first heap   total 376832K, used 130194K [0x0000000080000000, 0x0000000100000000)
  region size 1024K, 2 young (2048K), 2 survivors (2048K)
 Metaspace       used 133930K, capacity 137970K, committed 138784K, reserved 1171456K
  class space    used 16141K, capacity 17425K, committed 17792K, reserved 1048576K
}

